# JRE version: 7.0_25-b17
# Java VM: Java HotSpot(TM) 64-Bit Server VM (23.25-b01 mixed mode windows-amd64 compressed oops)
Heap
 PSYoungGen      total 37760K, used 3288K [0x00000007d5d60000, 0x00000007d8780000, 0x0000000800000000)
  eden space 32384K, 2% used [0x00000007d5d60000,0x00000007d5e03928,0x00000007d7d00000)
  from space 5376K, 48% used [0x00000007d8240000,0x00000007d84d2878,0x00000007d8780000)
  to   space 5376K, 0% used [0x00000007d7d00000,0x00000007d7d00000,0x00000007d8240000)
 ParOldGen       total 86400K, used 16K [0x0000000781800000, 0x0000000786c60000, 0x00000007d5d60000)
  object space 86400K, 0% used [0x0000000781800000,0x0000000781804000,0x0000000786c60000)
 PSPermGen       total 21248K, used 10263K [0x000000077c600000, 0x000000077dac0000, 0x0000000781800000)
  object space 21248K, 48% used [0x000000077c600000,0x000000077d005e90,0x000000077dac0000)
GC Heap History (8 events):
Event: 3.310 GC heap before
{Heap before GC invocations=1 (full 0):
 PSYoungGen      total 37760K, used 32384K [0x00000007d5d60000, 0x00000007d8780000, 0x0000000800000000)
  eden space 32384K, 100% used [0x00000007d5d60000,0x00000007d7d00000,0x00000007d7d00000)
  from space 5376K, 0% used [0x00000007d8240000,0x00000007d8240000,0x00000007d8780000)
  to   space 5376K, 0% used [0x00000007d7d00000,0x00000007d7d00000,0x00000007d8240000)
 ParOldGen       total 86400K, used 0K [0x0000000781800000, 0x0000000786c60000, 0x00000007d5d60000)
  object space 86400K, 0% used [0x0000000781800000,0x0000000781800000,0x0000000786c60000)
 PSPermGen       total 21248K, used 10248K [0x000000077c600000, 0x000000077dac0000, 0x0000000781800000)
  object space 21248K, 48% used [0x000000077c600000,0x000000077d002010,0x000000077dac0000)
Event: 3.315 GC heap after
Heap after GC invocations=1 (full 0):
 PSYoungGen      total 37760K, used 4818K [0x00000007d5d60000, 0x00000007d8780000, 0x0000000800000000)
  eden space 32384K, 0% used [0x00000007d5d60000,0x00000007d5d60000,0x00000007d7d00000)
  from space 5376K, 89% used [0x00000007d7d00000,0x00000007d81b4848,0x00000007d8240000)
  to   space 5376K, 0% used [0x00000007d8240000,0x00000007d8240000,0x00000007d8780000)
 ParOldGen       total 86400K, used 8K [0x0000000781800000, 0x0000000786c60000, 0x00000007d5d60000)
  object space 86400K, 0% used [0x0000000781800000,0x0000000781802000,0x0000000786c60000)
 PSPermGen       total 21248K, used 10248K [0x000000077c600000, 0x000000077dac0000, 0x0000000781800000)
  object space 21248K, 48% used [0x000000077c600000,0x000000077d002010,0x000000077dac0000)
}
Event: 4.114 GC heap before
{Heap before GC invocations=2 (full 0):
 PSYoungGen      total 37760K, used 37202K [0x00000007d5d60000, 0x00000007d8780000, 0x0000000800000000)
  eden space 32384K, 100% used [0x00000007d5d60000,0x00000007d7d00000,0x00000007d7d00000)
  from space 5376K, 89% used [0x00000007d7d00000,0x00000007d81b4848,0x00000007d8240000)
  to   space 5376K, 0% used [0x00000007d8240000,0x00000007d8240000,0x00000007d8780000)
 ParOldGen       total 86400K, used 8K [0x0000000781800000, 0x0000000786c60000, 0x00000007d5d60000)
  object space 86400K, 0% used [0x0000000781800000,0x0000000781802000,0x0000000786c60000)
 PSPermGen       total 21248K, used 10250K [0x000000077c600000, 0x000000077dac0000, 0x0000000781800000)
  object space 21248K, 48% used [0x000000077c600000,0x000000077d002a00,0x000000077dac0000)
Event: 4.117 GC heap after
Heap after GC invocations=2 (full 0):
 PSYoungGen      total 37760K, used 3952K [0x00000007d5d60000, 0x00000007d8780000, 0x0000000800000000)
  eden space 32384K, 0% used [0x00000007d5d60000,0x00000007d5d60000,0x00000007d7d00000)
  from space 5376K, 73% used [0x00000007d8240000,0x00000007d861c0f8,0x00000007d8780000)
  to   space 5376K, 0% used [0x00000007d7d00000,0x00000007d7d00000,0x00000007d8240000)
 ParOldGen       total 86400K, used 8K [0x0000000781800000, 0x0000000786c60000, 0x00000007d5d60000)
  object space 86400K, 0% used [0x0000000781800000,0x0000000781802000,0x0000000786c60000)
 PSPermGen       total 21248K, used 10250K [0x000000077c600000, 0x000000077dac0000, 0x0000000781800000)
  object space 21248K, 48% used [0x000000077c600000,0x000000077d002a00,0x000000077dac0000)
}
Event: 5.016 GC heap before
{Heap before GC invocations=3 (full 0):
 PSYoungGen      total 37760K, used 36336K [0x00000007d5d60000, 0x00000007d8780000, 0x0000000800000000)
  eden space 32384K, 100% used [0x00000007d5d60000,0x00000007d7d00000,0x00000007d7d00000)
  from space 5376K, 73% used [0x00000007d8240000,0x00000007d861c0f8,0x00000007d8780000)
  to   space 5376K, 0% used [0x00000007d7d00000,0x00000007d7d00000,0x00000007d8240000)
 ParOldGen       total 86400K, used 8K [0x0000000781800000, 0x0000000786c60000, 0x00000007d5d60000)
  object space 86400K, 0% used [0x0000000781800000,0x0000000781802000,0x0000000786c60000)
 PSPermGen       total 21248K, used 10263K [0x000000077c600000, 0x000000077dac0000, 0x0000000781800000)
  object space 21248K, 48% used [0x000000077c600000,0x000000077d005de8,0x000000077dac0000)
Event: 5.019 GC heap after
Heap after GC invocations=3 (full 0):
 PSYoungGen      total 37760K, used 5135K [0x00000007d5d60000, 0x00000007d8780000, 0x0000000800000000)
  eden space 32384K, 0% used [0x00000007d5d60000,0x00000007d5d60000,0x00000007d7d00000)
  from space 5376K, 95% used [0x00000007d7d00000,0x00000007d8203d88,0x00000007d8240000)
  to   space 5376K, 0% used [0x00000007d8240000,0x00000007d8240000,0x00000007d8780000)
 ParOldGen       total 86400K, used 16K [0x0000000781800000, 0x0000000786c60000, 0x00000007d5d60000)
  object space 86400K, 0% used [0x0000000781800000,0x0000000781804000,0x0000000786c60000)
 PSPermGen       total 21248K, used 10263K [0x000000077c600000, 0x000000077dac0000, 0x0000000781800000)
  object space 21248K, 48% used [0x000000077c600000,0x000000077d005de8,0x000000077dac0000)
}
Event: 18.340 GC heap before
{Heap before GC invocations=4 (full 0):
 PSYoungGen      total 37760K, used 37519K [0x00000007d5d60000, 0x00000007d8780000, 0x0000000800000000)
  eden space 32384K, 100% used [0x00000007d5d60000,0x00000007d7d00000,0x00000007d7d00000)
  from space 5376K, 95% used [0x00000007d7d00000,0x00000007d8203d88,0x00000007d8240000)
  to   space 5376K, 0% used [0x00000007d8240000,0x00000007d8240000,0x00000007d8780000)
 ParOldGen       total 86400K, used 16K [0x0000000781800000, 0x0000000786c60000, 0x00000007d5d60000)
  object space 86400K, 0% used [0x0000000781800000,0x0000000781804000,0x0000000786c60000)
 PSPermGen       total 21248K, used 10263K [0x000000077c600000, 0x000000077dac0000, 0x0000000781800000)
  object space 21248K, 48% used [0x000000077c600000,0x000000077d005e90,0x000000077dac0000)
Event: 18.345 GC heap after
Heap after GC invocations=4 (full 0):
 PSYoungGen      total 37760K, used 2634K [0x00000007d5d60000, 0x00000007d8780000, 0x0000000800000000)
  eden space 32384K, 0% used [0x00000007d5d60000,0x00000007d5d60000,0x00000007d7d00000)
  from space 5376K, 48% used [0x00000007d8240000,0x00000007d84d2878,0x00000007d8780000)
  to   space 5376K, 0% used [0x00000007d7d00000,0x00000007d7d00000,0x00000007d8240000)
 ParOldGen       total 86400K, used 16K [0x0000000781800000, 0x0000000786c60000, 0x00000007d5d60000)
  object space 86400K, 0% used [0x0000000781800000,0x0000000781804000,0x0000000786c60000)
 PSPermGen       total 21248K, used 10263K [0x000000077c600000, 0x000000077dac0000, 0x0000000781800000)
  object space 21248K, 48% used [0x000000077c600000,0x000000077d005e90,0x000000077dac0000)
}

